{ zebra: 'blues', dog: 'not cat' } 0 fanny
1 just saying hi.
2 shit hit the fan
3 UXXKCQWTBDLQ
4 LQNVQPGJPAXD
5 FBMDTOKICICZ
{"id":"@truvia","appName":"garbo","message":"6 NISSCCNKWZHK  XXXZ","host":"3f2da5ecfa9a","level":"INFO","pid":1,"date":"Sun, 21 Jul 2019 18:49:02 GMT","fields":{"a":"foo","b":5}}
{ zebra: 'blues', dog: 'not cat' } 7 fanny
8 just saying hi.
9 shit hit the fan
10 NYSUBXVANDCS
11 ADLDNXWRIOOV
12 OUSHITLXVFOQ
{"id":"@truvia","appName":"garbo","message":"13 YYQRLBJRSASE  XXXZ","host":"3f2da5ecfa9a","level":"INFO","pid":1,"date":"Sun, 21 Jul 2019 18:49:02 GMT","fields":{"a":"foo","b":5}}
{ zebra: 'blues', dog: 'not cat' } 14 fanny
15 just saying hi.
16 shit hit the fan
17 GNQMMAKBOBGX
18 EBKUFIULZCJN
19 QURETFIIZQFV
{"id":"@truvia","appName":"garbo","message":"20 ROFMKDWBINDI  XXXZ","host":"3f2da5ecfa9a","level":"INFO","pid":1,"date":"Sun, 21 Jul 2019 18:49:02 GMT","fields":{"a":"foo","b":5}}
{ zebra: 'blues', dog: 'not cat' } 21 fanny
22 just saying hi.
23 shit hit the fan
24 FJWVQJZBQRVB
25 ONVQKSVGVZGO
26 GQPPOGPAMIEO
{"id":"@truvia","appName":"garbo","message":"27 VHWGATALXZTP  XXXZ","host":"3f2da5ecfa9a","level":"INFO","pid":1,"date":"Sun, 21 Jul 2019 18:49:02 GMT","fields":{"a":"foo","b":5}}
{ zebra: 'blues', dog: 'not cat' } 28 fanny
29 just saying hi.
30 shit hit the fan
31 LSAZVQNYQCLR
32 USOYBJSDHEGT
33 WAQGEZHPRHFJ
{"id":"@truvia","appName":"garbo","message":"34 FUBTLZCUSNWW  XXXZ","host":"3f2da5ecfa9a","level":"INFO","pid":1,"date":"Sun, 21 Jul 2019 18:49:03 GMT","fields":{"a":"foo","b":5}}
{ zebra: 'blues', dog: 'not cat' } 35 fanny
36 just saying hi.
37 shit hit the fan
38 BMTUYWRYEAKR
39 KKILGVBSVDYG
40 AOGNUHXWPQAX
{"id":"@truvia","appName":"garbo","message":"41 PCOBDGNXSBCZ  XXXZ","host":"3f2da5ecfa9a","level":"INFO","pid":1,"date":"Sun, 21 Jul 2019 18:49:03 GMT","fields":{"a":"foo","b":5}}
{ zebra: 'blues', dog: 'not cat' } 42 fanny
43 just saying hi.
44 shit hit the fan
45 KRBUIYFZYWRG
46 AIMEHDHRCBMF
47 ENCLEFNTQOVL
{"id":"@truvia","appName":"garbo","message":"48 EHOFNSSZLFLO  XXXZ","host":"3f2da5ecfa9a","level":"INFO","pid":1,"date":"Sun, 21 Jul 2019 18:49:03 GMT","fields":{"a":"foo","b":5}}
{ zebra: 'blues', dog: 'not cat' } 49 fanny
50 just saying hi.
51 shit hit the fan
52 QHOIJPETWXUK
53 QZDSFPPWGUFR
54 EKZWIBPGLQVL
{"id":"@truvia","appName":"garbo","message":"55 NPVLOBPMBBNV  XXXZ","host":"3f2da5ecfa9a","level":"INFO","pid":1,"date":"Sun, 21 Jul 2019 18:49:03 GMT","fields":{"a":"foo","b":5}}
{ zebra: 'blues', dog: 'not cat' } 56 fanny
57 just saying hi.
58 shit hit the fan
59 UEFNYVAINYJU
60 OPLOQQCEUILB
61 VXMZIQTHRUJI
{"id":"@truvia","appName":"garbo","message":"62 UXXHWLLPOMFP  XXXZ","host":"3f2da5ecfa9a","level":"INFO","pid":1,"date":"Sun, 21 Jul 2019 18:49:03 GMT","fields":{"a":"foo","b":5}}
{ zebra: 'blues', dog: 'not cat' } 63 fanny
64 just saying hi.
65 shit hit the fan
66 RMCNNOEUQZLL
67 SORHMVPLFYCU
68 RGHATVJPDZNQ
{"id":"@truvia","appName":"garbo","message":"69 YZRNXBWVWWBI  XXXZ","host":"3f2da5ecfa9a","level":"INFO","pid":1,"date":"Sun, 21 Jul 2019 18:49:04 GMT","fields":{"a":"foo","b":5}}
{ zebra: 'blues', dog: 'not cat' } 70 fanny
71 just saying hi.
72 shit hit the fan
73 XQRJJVKNIICQ
74 JTLDPUKTOZQF
75 AGSQBHQFYXRH
{"id":"@truvia","appName":"garbo","message":"76 GDBAMQZHJPFL  XXXZ","host":"3f2da5ecfa9a","level":"INFO","pid":1,"date":"Sun, 21 Jul 2019 18:49:04 GMT","fields":{"a":"foo","b":5}}
{ zebra: 'blues', dog: 'not cat' } 77 fanny
78 just saying hi.
79 shit hit the fan
80 FNMPWVTIFLVV
81 OMKRUOJECXCE
82 TBCUCWYLUJXB
{"id":"@truvia","appName":"garbo","message":"83 SXEOXRULPJUK  XXXZ","host":"3f2da5ecfa9a","level":"INFO","pid":1,"date":"Sun, 21 Jul 2019 18:49:04 GMT","fields":{"a":"foo","b":5}}
{ zebra: 'blues', dog: 'not cat' } 84 fanny
85 just saying hi.
86 shit hit the fan
87 FSGAXTKGSYME
88 TARBLAIDQQXO
89 PHIJRIQDVUZC
{"id":"@truvia","appName":"garbo","message":"90 HXPUHNIUGENK  XXXZ","host":"3f2da5ecfa9a","level":"INFO","pid":1,"date":"Sun, 21 Jul 2019 18:49:04 GMT","fields":{"a":"foo","b":5}}
{ zebra: 'blues', dog: 'not cat' } 91 fanny
92 just saying hi.
93 shit hit the fan
94 OTEFUAMNVIRK
95 VMZJFNNKTSGP
96 LJOPGXCIRIKH
{"id":"@truvia","appName":"garbo","message":"97 HNTSFQPXAFNI  XXXZ","host":"3f2da5ecfa9a","level":"INFO","pid":1,"date":"Sun, 21 Jul 2019 18:49:04 GMT","fields":{"a":"foo","b":5}}
{ zebra: 'blues', dog: 'not cat' } 98 fanny
99 just saying hi.
100 shit hit the fan
101 SDKVMZPRSSAH
102 DSIAQWTHFNSQ
103 FCPVOHMNTIGB
{"id":"@truvia","appName":"garbo","message":"104 ORPUTOFCWTBK  XXXZ","host":"3f2da5ecfa9a","level":"INFO","pid":1,"date":"Sun, 21 Jul 2019 18:49:05 GMT","fields":{"a":"foo","b":5}}
{ zebra: 'blues', dog: 'not cat' } 105 fanny
106 just saying hi.
107 shit hit the fan
108 ICYNMNYLQCAH
109 YFWKETAOWHCU
110 EZNQWXMAKTQQ
{"id":"@truvia","appName":"garbo","message":"111 YFIKYVOARBTL  XXXZ","host":"3f2da5ecfa9a","level":"INFO","pid":1,"date":"Sun, 21 Jul 2019 18:49:05 GMT","fields":{"a":"foo","b":5}}
{ zebra: 'blues', dog: 'not cat' } 112 fanny
113 just saying hi.
114 shit hit the fan
115 BAXINNNYKEQD
116 AIVJIOSOLYXX
117 RERXDKAEJIPI
{"id":"@truvia","appName":"garbo","message":"118 BVRIEWPJRATI  XXXZ","host":"3f2da5ecfa9a","level":"INFO","pid":1,"date":"Sun, 21 Jul 2019 18:49:05 GMT","fields":{"a":"foo","b":5}}
{ zebra: 'blues', dog: 'not cat' } 119 fanny
120 just saying hi.
121 shit hit the fan
122 VZWZQOHJRKFR
123 HKSAQYGAWFXW
124 JAWVDDUQWROL
{"id":"@truvia","appName":"garbo","message":"125 XWFQIMOPGBGB  XXXZ","host":"3f2da5ecfa9a","level":"INFO","pid":1,"date":"Sun, 21 Jul 2019 18:49:05 GMT","fields":{"a":"foo","b":5}}
{ zebra: 'blues', dog: 'not cat' } 126 fanny
127 just saying hi.
128 shit hit the fan
129 FVLHJGKLORDH
130 DXNUJBUMOZFG
131 CDORPZAAZMGV
{"id":"@truvia","appName":"garbo","message":"132 AVPFYQUOGHDL  XXXZ","host":"3f2da5ecfa9a","level":"INFO","pid":1,"date":"Sun, 21 Jul 2019 18:49:05 GMT","fields":{"a":"foo","b":5}}
{ zebra: 'blues', dog: 'not cat' } 133 fanny
134 just saying hi.
135 shit hit the fan
136 HWIGUSNNLAGN
137 DQFGUFBMOTAR
138 AGWSTASIGNLR
{"id":"@truvia","appName":"garbo","message":"139 FBLQHDDBTNAO  XXXZ","host":"3f2da5ecfa9a","level":"INFO","pid":1,"date":"Sun, 21 Jul 2019 18:49:06 GMT","fields":{"a":"foo","b":5}}
{ zebra: 'blues', dog: 'not cat' } 140 fanny
141 just saying hi.
142 shit hit the fan
143 DHNCLEXKMNLY
144 YNVSWOLIYNSD
145 MBHKKTPPHUHH
{"id":"@truvia","appName":"garbo","message":"146 FBKNFVCVLGLO  XXXZ","host":"3f2da5ecfa9a","level":"INFO","pid":1,"date":"Sun, 21 Jul 2019 18:49:06 GMT","fields":{"a":"foo","b":5}}
{ zebra: 'blues', dog: 'not cat' } 147 fanny
148 just saying hi.
149 shit hit the fan
150 PXVOKMDFSQQW
151 PLUJUHXVZRXY
152 BZQVVCWRZYTG
{"id":"@truvia","appName":"garbo","message":"153 TJVUFEGRNRWD  XXXZ","host":"3f2da5ecfa9a","level":"INFO","pid":1,"date":"Sun, 21 Jul 2019 18:49:06 GMT","fields":{"a":"foo","b":5}}
{ zebra: 'blues', dog: 'not cat' } 154 fanny
155 just saying hi.
156 shit hit the fan
157 ATUSKJMFVKHT
158 AFNIWMPIOOET
159 HGPHNALVLAIL
{"id":"@truvia","appName":"garbo","message":"160 PIIQSMWESBQM  XXXZ","host":"3f2da5ecfa9a","level":"INFO","pid":1,"date":"Sun, 21 Jul 2019 18:49:06 GMT","fields":{"a":"foo","b":5}}
{ zebra: 'blues', dog: 'not cat' } 161 fanny
162 just saying hi.
163 shit hit the fan
164 IHDXPUVSIRJC
165 VIXLQETIPUEA
166 WGRJJFYEWECX
{"id":"@truvia","appName":"garbo","message":"167 ZKQHQJYSDJGL  XXXZ","host":"3f2da5ecfa9a","level":"INFO","pid":1,"date":"Sun, 21 Jul 2019 18:49:06 GMT","fields":{"a":"foo","b":5}}
{ zebra: 'blues', dog: 'not cat' } 168 fanny
169 just saying hi.
170 shit hit the fan
171 IHXBVYAEVXZV
172 CUZHPWRONJME
173 QDTPJLNXZRPV
{"id":"@truvia","appName":"garbo","message":"174 EHWDBZLNAPTU  XXXZ","host":"3f2da5ecfa9a","level":"INFO","pid":1,"date":"Sun, 21 Jul 2019 18:49:07 GMT","fields":{"a":"foo","b":5}}
{ zebra: 'blues', dog: 'not cat' } 175 fanny
176 just saying hi.
177 shit hit the fan
178 QRWISYZWJRNG
179 SAZTVTGPCUXM
180 YIGSWIICNCHK
{"id":"@truvia","appName":"garbo","message":"181 KWPTTSVWOWFG  XXXZ","host":"3f2da5ecfa9a","level":"INFO","pid":1,"date":"Sun, 21 Jul 2019 18:49:07 GMT","fields":{"a":"foo","b":5}}
{ zebra: 'blues', dog: 'not cat' } 182 fanny
183 just saying hi.
184 shit hit the fan
185 TLATLWAGVYZX
186 ZUOTPGYFCWDI
187 UMWADRQLARUK
{"id":"@truvia","appName":"garbo","message":"188 PQELPTBEWJRJ  XXXZ","host":"3f2da5ecfa9a","level":"INFO","pid":1,"date":"Sun, 21 Jul 2019 18:49:07 GMT","fields":{"a":"foo","b":5}}
{ zebra: 'blues', dog: 'not cat' } 189 fanny
190 just saying hi.
191 shit hit the fan
192 KBRWASQATWDA
193 RAEBNVYUCYKA
194 SXFELNQZCHYZ
{"id":"@truvia","appName":"garbo","message":"195 OCODZOEMRSXW  XXXZ","host":"3f2da5ecfa9a","level":"INFO","pid":1,"date":"Sun, 21 Jul 2019 18:49:07 GMT","fields":{"a":"foo","b":5}}
{ zebra: 'blues', dog: 'not cat' } 196 fanny
197 just saying hi.
198 shit hit the fan
199 TBBXBQVXYZAJ
200 SAFCVSDMZAGJ
201 ANHWGJRICLLD
{"id":"@truvia","appName":"garbo","message":"202 MRDARTBWJWYS  XXXZ","host":"3f2da5ecfa9a","level":"INFO","pid":1,"date":"Sun, 21 Jul 2019 18:49:07 GMT","fields":{"a":"foo","b":5}}
{ zebra: 'blues', dog: 'not cat' } 203 fanny
204 just saying hi.
205 shit hit the fan
206 APJBXYQNMAVZ
207 MIABCSLYMBLI
208 DQXFEYOQTOMH
{"id":"@truvia","appName":"garbo","message":"209 QWUQLKICTHQF  XXXZ","host":"3f2da5ecfa9a","level":"INFO","pid":1,"date":"Sun, 21 Jul 2019 18:49:08 GMT","fields":{"a":"foo","b":5}}
{ zebra: 'blues', dog: 'not cat' } 210 fanny
211 just saying hi.
212 shit hit the fan
213 TUPNRJSWZMPB
214 IRIJVUFKQBGF
215 LLTAHZBXYGDX
{"id":"@truvia","appName":"garbo","message":"216 ZXCZPASEZKOU  XXXZ","host":"3f2da5ecfa9a","level":"INFO","pid":1,"date":"Sun, 21 Jul 2019 18:49:08 GMT","fields":{"a":"foo","b":5}}
{ zebra: 'blues', dog: 'not cat' } 217 fanny
218 just saying hi.
219 shit hit the fan
220 ARIJLDRZCAHH
221 SKKGTUNLMDAQ
222 UXZJJFSINTDH
{"id":"@truvia","appName":"garbo","message":"223 DECBHWWMWYKN  XXXZ","host":"3f2da5ecfa9a","level":"INFO","pid":1,"date":"Sun, 21 Jul 2019 18:49:08 GMT","fields":{"a":"foo","b":5}}
